<?xml version="1.0" encoding="UTF-8"?>
<!-- Generated by org.testng.reporters.JUnitXMLReporter -->
<testsuite hostname="WKMCR8305942" ignored="0" name="Comment" tests="25" failures="0" timestamp="2021-02-20T15:52:14 CST" time="30.364" errors="0">
  <testcase name="Test_CreateUser_AlreadyExist" time="4.027" classname="tests.UserTest"/>
  <testcase name="Test_HomePage" time="0.558" classname="tests.MiscTest"/>
  <testcase name="Test_Ping" time="0.685" classname="tests.MiscTest"/>
  <testcase name="create_comment" time="0.693" classname="tests.CommentTest"/>
  <testcase name="create_comment_negative" time="0.767" classname="tests.CommentTest"/>
  <testcase name="create_post" time="1.38" classname="tests.PostTest"/>
  <testcase name="create_post_with_fake_token" time="0.605" classname="tests.PostTest"/>
  <testcase name="delete_comment_negative" time="0.617" classname="tests.CommentTest"/>
  <testcase name="delete_post_negative" time="1.537" classname="tests.PostTest"/>
  <testcase name="get_Comment" time="0.628" classname="tests.CommentTest"/>
  <testcase name="get_Comment_Negative" time="0.654" classname="tests.CommentTest"/>
  <testcase name="get_allComments" time="0.737" classname="tests.CommentTest"/>
  <testcase name="get_allComments_Negative" time="0.658" classname="tests.CommentTest"/>
  <testcase name="get_allPosts" time="1.816" classname="tests.PostTest"/>
  <testcase name="get_allPosts_Negative" time="0.516" classname="tests.PostTest"/>
  <testcase name="get_post" time="2.504" classname="tests.PostTest"/>
  <testcase name="get_post_negative" time="1.352" classname="tests.PostTest"/>
  <testcase name="update_comment_negativet" time="0.601" classname="tests.CommentTest"/>
  <testcase name="update_post" time="4.023" classname="tests.PostTest"/>
  <testcase name="update_post_invalidId" time="1.126" classname="tests.PostTest"/>
  <testcase name="Test_Create_User_Successful" time="0.909" classname="tests.UserTest"/>
  <testcase name="delete_post" time="1.486" classname="tests.PostTest"/>
  <testcase name="update_comment" time="0.563" classname="tests.CommentTest"/>
  <testcase name="Test_Login_Successful" time="0.665" classname="tests.UserTest"/>
  <testcase name="delete_comment" time="0.601" classname="tests.CommentTest"/>
</testsuite> <!-- Comment -->
