<?xml version="1.0" encoding="UTF-8"?>
<!-- Generated by org.testng.reporters.JUnitXMLReporter -->
<testsuite hostname="WKMCR8305942" ignored="0" name="UserTests" tests="3" failures="0" timestamp="2021-02-20T15:47:38 CST" time="6.183" errors="0">
  <testcase name="Test_CreateUser_AlreadyExist" time="4.032" classname="tests.UserTest"/>
  <testcase name="Test_Create_User_Successful" time="0.794" classname="tests.UserTest"/>
  <testcase name="Test_Login_Successful" time="0.716" classname="tests.UserTest"/>
</testsuite> <!-- UserTests -->
