<?xml version="1.0" encoding="UTF-8"?>
<!-- Generated by org.testng.reporters.JUnitXMLReporter -->
<testsuite hostname="WKMCR8305942" ignored="0" tests="5" failures="0" timestamp="2021-02-06T15:36:35 CST" time="5.81" errors="0">
  <testcase name="Test_HomePage" time="2.194" classname="MiscTest"/>
  <testcase name="Test_Ping" time="1.09" classname="MiscTest"/>
  <testcase name="Test_CreateUser_AlreadyExist" time="3.297" classname="UserTest"/>
  <testcase name="Test_Create_User_Successful" time="0.659" classname="UserTest"/>
  <testcase name="Test_Login_Successful" time="0.644" classname="UserTest"/>
</testsuite>
