<?xml version="1.0" encoding="UTF-8"?>
<!-- Generated by org.testng.reporters.JUnitXMLReporter -->
<testsuite ignored="0" hostname="WKMCR8305942" failures="0" tests="27" name="Surefire test" time="47.189" errors="0" timestamp="2021-02-20T15:57:16 CST">
  <testcase classname="tests.ArticleTest" name="Test_Create_Article" time="4.395"/>
  <testcase classname="tests.ArticleTest" name="Test_Create_Article_Fail" time="0.544"/>
  <testcase classname="tests.UserTest" name="Test_CreateUser_AlreadyExist" time="0.589"/>
  <testcase classname="tests.CommentTest" name="create_comment" time="0.665"/>
  <testcase classname="tests.CommentTest" name="create_comment_negative" time="0.658"/>
  <testcase classname="tests.CommentTest" name="delete_comment_negative" time="0.617"/>
  <testcase classname="tests.CommentTest" name="get_Comment" time="0.671"/>
  <testcase classname="tests.CommentTest" name="get_Comment_Negative" time="0.627"/>
  <testcase classname="tests.CommentTest" name="get_allComments" time="0.563"/>
  <testcase classname="tests.CommentTest" name="get_allComments_Negative" time="0.587"/>
  <testcase classname="tests.CommentTest" name="update_comment_negativet" time="0.635"/>
  <testcase classname="tests.UserTest" name="Test_Create_User_Successful" time="0.622"/>
  <testcase classname="tests.CommentTest" name="update_comment" time="0.74"/>
  <testcase classname="tests.UserTest" name="Test_Login_Successful" time="0.954"/>
  <testcase classname="tests.CommentTest" name="delete_comment" time="17.318"/>
  <testcase classname="tests.MiscTest" name="Test_HomePage" time="0.466"/>
  <testcase classname="tests.MiscTest" name="Test_Ping" time="0.485"/>
  <testcase classname="tests.PostTest" name="create_post" time="1.223"/>
  <testcase classname="tests.PostTest" name="create_post_with_fake_token" time="0.579"/>
  <testcase classname="tests.PostTest" name="delete_post_negative" time="1.159"/>
  <testcase classname="tests.PostTest" name="get_allPosts" time="1.615"/>
  <testcase classname="tests.PostTest" name="get_allPosts_Negative" time="0.873"/>
  <testcase classname="tests.PostTest" name="get_post" time="3.307"/>
  <testcase classname="tests.PostTest" name="get_post_negative" time="1.209"/>
  <testcase classname="tests.PostTest" name="update_post" time="2.29"/>
  <testcase classname="tests.PostTest" name="update_post_invalidId" time="1.131"/>
  <testcase classname="tests.PostTest" name="delete_post" time="1.506"/>
</testsuite> <!-- Surefire test -->
