<?xml version="1.0" encoding="UTF-8"?>
<!-- Generated by org.testng.reporters.JUnitXMLReporter -->
<testsuite ignored="0" hostname="WKMCR8305942" failures="0" tests="27" name="Surefire test" time="29.391" errors="0" timestamp="2021-02-20T16:26:18 CST">
  <testcase classname="tests.ArticleTest" name="Test_Create_Article" time="4.593"/>
  <testcase classname="tests.ArticleTest" name="Test_Create_Article_Fail" time="0.518"/>
  <testcase classname="tests.UserTest" name="Test_CreateUser_AlreadyExist" time="0.586"/>
  <testcase classname="tests.CommentTest" name="create_comment" time="0.68"/>
  <testcase classname="tests.CommentTest" name="create_comment_negative" time="0.629"/>
  <testcase classname="tests.CommentTest" name="delete_comment_negative" time="0.671"/>
  <testcase classname="tests.CommentTest" name="get_Comment" time="0.668"/>
  <testcase classname="tests.CommentTest" name="get_Comment_Negative" time="0.647"/>
  <testcase classname="tests.CommentTest" name="get_allComments" time="0.603"/>
  <testcase classname="tests.CommentTest" name="get_allComments_Negative" time="0.563"/>
  <testcase classname="tests.CommentTest" name="update_comment_negativet" time="0.585"/>
  <testcase classname="tests.UserTest" name="Test_Create_User_Successful" time="0.723"/>
  <testcase classname="tests.CommentTest" name="update_comment" time="0.625"/>
  <testcase classname="tests.UserTest" name="Test_Login_Successful" time="0.704"/>
  <testcase classname="tests.CommentTest" name="delete_comment" time="0.624"/>
  <testcase classname="tests.MiscTest" name="Test_HomePage" time="0.467"/>
  <testcase classname="tests.MiscTest" name="Test_Ping" time="0.526"/>
  <testcase classname="tests.PostTest" name="create_post" time="1.182"/>
  <testcase classname="tests.PostTest" name="create_post_with_fake_token" time="0.587"/>
  <testcase classname="tests.PostTest" name="delete_post_negative" time="1.2"/>
  <testcase classname="tests.PostTest" name="get_allPosts" time="1.25"/>
  <testcase classname="tests.PostTest" name="get_allPosts_Negative" time="0.481"/>
  <testcase classname="tests.PostTest" name="get_post" time="2.531"/>
  <testcase classname="tests.PostTest" name="get_post_negative" time="1.512"/>
  <testcase classname="tests.PostTest" name="update_post" time="2.556"/>
  <testcase classname="tests.PostTest" name="update_post_invalidId" time="1.19"/>
  <testcase classname="tests.PostTest" name="delete_post" time="1.182"/>
</testsuite> <!-- Surefire test -->
