<?xml version="1.0" encoding="UTF-8"?>
<!-- Generated by org.testng.reporters.JUnitXMLReporter -->
<testsuite hostname="WKMCR8305942" ignored="0" name="Default test" tests="10" failures="0" timestamp="2021-02-20T16:25:35 CST" time="10.432" errors="0">
  <testcase name="create_comment" time="3.983" classname="tests.CommentTest"/>
  <testcase name="create_comment_negative" time="0.787" classname="tests.CommentTest"/>
  <testcase name="delete_comment_negative" time="0.614" classname="tests.CommentTest"/>
  <testcase name="get_Comment" time="0.666" classname="tests.CommentTest"/>
  <testcase name="get_Comment_Negative" time="0.596" classname="tests.CommentTest"/>
  <testcase name="get_allComments" time="0.634" classname="tests.CommentTest"/>
  <testcase name="get_allComments_Negative" time="0.624" classname="tests.CommentTest"/>
  <testcase name="update_comment_negativet" time="0.602" classname="tests.CommentTest"/>
  <testcase name="update_comment" time="0.607" classname="tests.CommentTest"/>
  <testcase name="delete_comment" time="0.623" classname="tests.CommentTest"/>
</testsuite> <!-- Default test -->
