<?xml version="1.0" encoding="UTF-8"?>
<!-- Generated by org.testng.reporters.JUnitXMLReporter -->
<testsuite hostname="WKMCR8305942" ignored="9" name="Default test" tests="1" failures="0" timestamp="2021-02-20T13:36:05 CST" time="5.816" errors="0">
  <testcase name="delete_post_negative" time="5.05" classname="tests.PostTest"/>
  <testcase name="get_allPosts_Negative" time="0.0" classname="tests.PostTest">
    <ignored/>
  </testcase> <!-- get_allPosts_Negative -->
  <testcase name="update_post" time="0.0" classname="tests.PostTest">
    <ignored/>
  </testcase> <!-- update_post -->
  <testcase name="get_post" time="0.0" classname="tests.PostTest">
    <ignored/>
  </testcase> <!-- get_post -->
  <testcase name="update_post_invalidId" time="0.0" classname="tests.PostTest">
    <ignored/>
  </testcase> <!-- update_post_invalidId -->
  <testcase name="create_post" time="0.0" classname="tests.PostTest">
    <ignored/>
  </testcase> <!-- create_post -->
  <testcase name="get_allPosts" time="0.0" classname="tests.PostTest">
    <ignored/>
  </testcase> <!-- get_allPosts -->
  <testcase name="create_post_with_fake_token" time="0.0" classname="tests.PostTest">
    <ignored/>
  </testcase> <!-- create_post_with_fake_token -->
  <testcase name="delete_post" time="0.0" classname="tests.PostTest">
    <ignored/>
  </testcase> <!-- delete_post -->
  <testcase name="get_post_negative" time="0.0" classname="tests.PostTest">
    <ignored/>
  </testcase> <!-- get_post_negative -->
</testsuite> <!-- Default test -->
