<?xml version="1.0" encoding="UTF-8"?>
<!-- Generated by org.testng.reporters.JUnitXMLReporter -->
<testsuite hostname="WKMCR8305942" ignored="0" name="Examen - Posts and Comments" tests="20" failures="0" timestamp="2021-02-20T16:10:16 CST" time="27.617" errors="0">
  <testcase name="create_comment" time="4.317" classname="tests.CommentTest"/>
  <testcase name="create_comment_negative" time="0.729" classname="tests.CommentTest"/>
  <testcase name="create_post" time="1.436" classname="tests.PostTest"/>
  <testcase name="create_post_with_fake_token" time="0.636" classname="tests.PostTest"/>
  <testcase name="delete_comment_negative" time="0.622" classname="tests.CommentTest"/>
  <testcase name="delete_post_negative" time="1.539" classname="tests.PostTest"/>
  <testcase name="get_Comment" time="0.616" classname="tests.CommentTest"/>
  <testcase name="get_Comment_Negative" time="0.652" classname="tests.CommentTest"/>
  <testcase name="get_allComments" time="0.636" classname="tests.CommentTest"/>
  <testcase name="get_allComments_Negative" time="0.66" classname="tests.CommentTest"/>
  <testcase name="get_allPosts" time="1.797" classname="tests.PostTest"/>
  <testcase name="get_allPosts_Negative" time="0.498" classname="tests.PostTest"/>
  <testcase name="get_post" time="2.794" classname="tests.PostTest"/>
  <testcase name="get_post_negative" time="1.814" classname="tests.PostTest"/>
  <testcase name="update_comment_negativet" time="0.708" classname="tests.CommentTest"/>
  <testcase name="update_post" time="2.903" classname="tests.PostTest"/>
  <testcase name="update_post_invalidId" time="1.37" classname="tests.PostTest"/>
  <testcase name="delete_post" time="1.941" classname="tests.PostTest"/>
  <testcase name="update_comment" time="0.684" classname="tests.CommentTest"/>
  <testcase name="delete_comment" time="0.606" classname="tests.CommentTest"/>
</testsuite> <!-- Examen - Posts and Comments -->
