<?xml version="1.0" encoding="UTF-8"?>
<testsuite xmlns:xsi="http://www.w3.org/2001/XMLSchema-instance" xsi:noNamespaceSchemaLocation="https://maven.apache.org/surefire/maven-surefire-plugin/xsd/surefire-test-report.xsd" name="TestSuite" time="30.107" tests="27" errors="0" skipped="0" failures="0">
  <properties>
[...]
</properties>
  <testcase name="Test_Create_Article" classname="tests.ArticleTest" time="4.597"/>
  <testcase name="Test_Create_Article_Fail" classname="tests.ArticleTest" time="0.518"/>
  <testcase name="Test_CreateUser_AlreadyExist" classname="tests.UserTest" time="0.587"/>
  <testcase name="create_comment" classname="tests.CommentTest" time="0.68"/>
  <testcase name="create_comment_negative" classname="tests.CommentTest" time="0.63"/>
  <testcase name="delete_comment_negative" classname="tests.CommentTest" time="0.672"/>
  <testcase name="get_Comment" classname="tests.CommentTest" time="0.668"/>
  <testcase name="get_Comment_Negative" classname="tests.CommentTest" time="0.647"/>
  <testcase name="get_allComments" classname="tests.CommentTest" time="0.602"/>
  <testcase name="get_allComments_Negative" classname="tests.CommentTest" time="0.563"/>
  <testcase name="update_comment_negativet" classname="tests.CommentTest" time="0.585"/>
  <testcase name="Test_Create_User_Successful" classname="tests.UserTest" time="0.725"/>
  <testcase name="update_comment" classname="tests.CommentTest" time="0.625"/>
  <testcase name="Test_Login_Successful" classname="tests.UserTest" time="0.705"/>
  <testcase name="delete_comment" classname="tests.CommentTest" time="0.624"/>
  <testcase name="Test_HomePage" classname="tests.MiscTest" time="0.467"/>
  <testcase name="Test_Ping" classname="tests.MiscTest" time="0.528"/>
  <testcase name="create_post" classname="tests.PostTest" time="1.182"/>
  <testcase name="create_post_with_fake_token" classname="tests.PostTest" time="0.588"/>
  <testcase name="delete_post_negative" classname="tests.PostTest" time="1.2"/>
  <testcase name="get_allPosts" classname="tests.PostTest" time="1.256"/>
  <testcase name="get_allPosts_Negative" classname="tests.PostTest" time="0.476"/>
  <testcase name="get_post" classname="tests.PostTest" time="2.531"/>
  <testcase name="get_post_negative" classname="tests.PostTest" time="1.513"/>
  <testcase name="update_post" classname="tests.PostTest" time="2.555"/>
  <testcase name="update_post_invalidId" classname="tests.PostTest" time="1.191"/>
  <testcase name="delete_post" classname="tests.PostTest" time="1.182"/>
</testsuite>