<?xml version="1.0" encoding="UTF-8"?>
<testng-results skipped="0" failed="0" ignored="0" total="10" passed="10">
  <reporter-output>
  </reporter-output>
  <suite name="Default suite" duration-ms="10432" started-at="2021-02-20T16:25:25 CST" finished-at="2021-02-20T16:25:35 CST">
    <groups>
    </groups>
    <test name="Default test" duration-ms="10432" started-at="2021-02-20T16:25:25 CST" finished-at="2021-02-20T16:25:35 CST">
      <class name="tests.CommentTest">
        <test-method status="PASS" signature="Setup()[pri:0, instance:tests.CommentTest@1c3a4799]" name="Setup" is-config="true" duration-ms="623" started-at="2021-02-20T16:25:25 CST" finished-at="2021-02-20T16:25:25 CST">
          <reporter-output>
          </reporter-output>
        </test-method> <!-- Setup -->
        <test-method status="PASS" signature="create_comment()[pri:0, instance:tests.CommentTest@1c3a4799]" name="create_comment" duration-ms="3983" started-at="2021-02-20T16:25:25 CST" finished-at="2021-02-20T16:25:29 CST">
          <reporter-output>
          </reporter-output>
        </test-method> <!-- create_comment -->
        <test-method status="PASS" signature="create_comment_negative()[pri:0, instance:tests.CommentTest@1c3a4799]" name="create_comment_negative" duration-ms="787" started-at="2021-02-20T16:25:29 CST" finished-at="2021-02-20T16:25:30 CST">
          <reporter-output>
          </reporter-output>
        </test-method> <!-- create_comment_negative -->
        <test-method status="PASS" signature="delete_comment_negative()[pri:0, instance:tests.CommentTest@1c3a4799]" name="delete_comment_negative" duration-ms="614" started-at="2021-02-20T16:25:30 CST" finished-at="2021-02-20T16:25:31 CST">
          <reporter-output>
          </reporter-output>
        </test-method> <!-- delete_comment_negative -->
        <test-method status="PASS" signature="get_Comment()[pri:0, instance:tests.CommentTest@1c3a4799]" name="get_Comment" duration-ms="666" started-at="2021-02-20T16:25:31 CST" finished-at="2021-02-20T16:25:31 CST">
          <reporter-output>
          </reporter-output>
        </test-method> <!-- get_Comment -->
        <test-method status="PASS" signature="get_Comment_Negative()[pri:0, instance:tests.CommentTest@1c3a4799]" name="get_Comment_Negative" duration-ms="596" started-at="2021-02-20T16:25:31 CST" finished-at="2021-02-20T16:25:32 CST">
          <reporter-output>
          </reporter-output>
        </test-method> <!-- get_Comment_Negative -->
        <test-method status="PASS" signature="get_allComments()[pri:0, instance:tests.CommentTest@1c3a4799]" name="get_allComments" duration-ms="634" started-at="2021-02-20T16:25:32 CST" finished-at="2021-02-20T16:25:33 CST">
          <reporter-output>
          </reporter-output>
        </test-method> <!-- get_allComments -->
        <test-method status="PASS" signature="get_allComments_Negative()[pri:0, instance:tests.CommentTest@1c3a4799]" name="get_allComments_Negative" duration-ms="624" started-at="2021-02-20T16:25:33 CST" finished-at="2021-02-20T16:25:33 CST">
          <reporter-output>
          </reporter-output>
        </test-method> <!-- get_allComments_Negative -->
        <test-method status="PASS" signature="update_comment_negativet()[pri:0, instance:tests.CommentTest@1c3a4799]" name="update_comment_negativet" duration-ms="602" started-at="2021-02-20T16:25:33 CST" finished-at="2021-02-20T16:25:34 CST">
          <reporter-output>
          </reporter-output>
        </test-method> <!-- update_comment_negativet -->
        <test-method status="PASS" signature="update_comment()[pri:1, instance:tests.CommentTest@1c3a4799]" name="update_comment" duration-ms="607" started-at="2021-02-20T16:25:34 CST" finished-at="2021-02-20T16:25:35 CST">
          <reporter-output>
          </reporter-output>
        </test-method> <!-- update_comment -->
        <test-method status="PASS" signature="delete_comment()[pri:2, instance:tests.CommentTest@1c3a4799]" name="delete_comment" duration-ms="623" started-at="2021-02-20T16:25:35 CST" finished-at="2021-02-20T16:25:35 CST">
          <reporter-output>
          </reporter-output>
        </test-method> <!-- delete_comment -->
      </class> <!-- tests.CommentTest -->
    </test> <!-- Default test -->
  </suite> <!-- Default suite -->
</testng-results>
